created virtual environment CPython3.10.13.final.0-64 in 4357ms
  creator CPython3Posix(dest=/localscratch/zha12672.42123298.0/venv, clear=False, no_vcs_ignore=False, global=False)
  seeder FromAppData(download=False, pip=bundle, setuptools=bundle, wheel=bundle, via=copy, app_data_dir=/home/zha12672/.local/share/virtualenv)
    added seed packages: pip==25.0.1, setuptools==75.8.2, wheel==0.45.1+computecanada
  activators BashActivator,CShellActivator,FishActivator,NushellActivator,PowerShellActivator,PythonActivator
Looking in links: /cvmfs/soft.computecanada.ca/custom/python/wheelhouse/gentoo2023/x86-64-v3, /cvmfs/soft.computecanada.ca/custom/python/wheelhouse/gentoo2023/generic, /cvmfs/soft.computecanada.ca/custom/python/wheelhouse/generic
Processing /cvmfs/soft.computecanada.ca/custom/python/wheelhouse/gentoo2023/x86-64-v3/torch-2.6.0+computecanada-cp310-cp310-linux_x86_64.whl
Processing /cvmfs/soft.computecanada.ca/custom/python/wheelhouse/generic/transformers-4.50.0+computecanada-py3-none-any.whl
Processing /cvmfs/soft.computecanada.ca/custom/python/wheelhouse/generic/datasets-3.4.1+computecanada-py3-none-any.whl
Processing /cvmfs/soft.computecanada.ca/custom/python/wheelhouse/generic/accelerate-1.5.2+computecanada-py3-none-any.whl
Processing /cvmfs/soft.computecanada.ca/custom/python/wheelhouse/generic/tensorboard-2.19.0+computecanada-py3-none-any.whl
Processing /cvmfs/soft.computecanada.ca/custom/python/wheelhouse/gentoo2023/generic/sentencepiece-0.2.0+computecanada-cp310-cp310-linux_x86_64.whl
Processing /cvmfs/soft.computecanada.ca/custom/python/wheelhouse/gentoo2023/x86-64-v3/protobuf-5.29.3+computecanada-cp310-cp310-linux_x86_64.whl
Processing /cvmfs/soft.computecanada.ca/custom/python/wheelhouse/gentoo2023/generic/zstandard-0.22.0+computecanada-cp310-cp310-linux_x86_64.whl
Processing /cvmfs/soft.computecanada.ca/custom/python/wheelhouse/generic/filelock-3.18.0+computecanada-py3-none-any.whl (from torch)
Requirement already satisfied: typing-extensions>=4.10.0 in /cvmfs/soft.computecanada.ca/easybuild/software/2023/x86-64-v3/Compiler/gcccore/ipykernel/2025a/lib/python3.10/site-packages (from torch) (4.12.2+computecanada)
Processing /cvmfs/soft.computecanada.ca/custom/python/wheelhouse/generic/networkx-3.4.2+computecanada-py3-none-any.whl (from torch)
Processing /cvmfs/soft.computecanada.ca/custom/python/wheelhouse/generic/jinja2-3.1.6+computecanada-py3-none-any.whl (from torch)
Processing /cvmfs/soft.computecanada.ca/custom/python/wheelhouse/generic/fsspec-2025.3.2+computecanada-py3-none-any.whl (from torch)
Processing /cvmfs/soft.computecanada.ca/custom/python/wheelhouse/generic/sympy-1.13.1+computecanada-py3-none-any.whl (from torch)
Requirement already satisfied: mpmath<1.4,>=1.1.0 in /cvmfs/soft.computecanada.ca/easybuild/software/2023/x86-64-v3/Compiler/gcccore/scipy-stack/2025a/lib/python3.10/site-packages (from sympy==1.13.1->torch) (1.3.0+computecanada)
Processing /cvmfs/soft.computecanada.ca/custom/python/wheelhouse/generic/huggingface_hub-0.29.3+computecanada-py3-none-any.whl (from transformers)
Requirement already satisfied: numpy>=1.17 in /cvmfs/soft.computecanada.ca/easybuild/software/2023/x86-64-v3/Compiler/gcccore/scipy-stack/2025a/lib/python3.10/site-packages (from transformers) (2.2.2+computecanada)
Requirement already satisfied: packaging>=20.0 in /cvmfs/soft.computecanada.ca/easybuild/software/2023/x86-64-v3/Compiler/gcccore/scipy-stack/2025a/lib/python3.10/site-packages (from transformers) (24.2+computecanada)
Processing /cvmfs/soft.computecanada.ca/custom/python/wheelhouse/gentoo2023/x86-64-v3/PyYAML-6.0.2+computecanada-cp310-cp310-linux_x86_64.whl (from transformers)
Processing /cvmfs/soft.computecanada.ca/custom/python/wheelhouse/generic/regex-2024.9.11+computecanada-cp310-cp310-linux_x86_64.whl (from transformers)
Processing /cvmfs/soft.computecanada.ca/custom/python/wheelhouse/generic/requests-2.32.3+computecanada-py3-none-any.whl (from transformers)
Processing /cvmfs/soft.computecanada.ca/custom/python/wheelhouse/gentoo2023/generic/tokenizers-0.21.0+computecanada-cp39-abi3-linux_x86_64.whl (from transformers)
Processing /cvmfs/soft.computecanada.ca/custom/python/wheelhouse/gentoo2023/generic/safetensors-0.4.5+computecanada-cp310-cp310-linux_x86_64.whl (from transformers)
Processing /cvmfs/soft.computecanada.ca/custom/python/wheelhouse/generic/tqdm-4.67.1+computecanada-py3-none-any.whl (from transformers)
Requirement already satisfied: pyarrow>=15.0.0 in /cvmfs/soft.computecanada.ca/easybuild/software/2023/x86-64-v3/Compiler/gcccore/arrow/18.1.0/lib/python3.10/site-packages (from datasets) (18.1.0)
Processing /cvmfs/soft.computecanada.ca/custom/python/wheelhouse/generic/dill-0.3.8+computecanada-py3-none-any.whl (from datasets)
Requirement already satisfied: pandas in /cvmfs/soft.computecanada.ca/easybuild/software/2023/x86-64-v3/Compiler/gcccore/scipy-stack/2025a/lib/python3.10/site-packages (from datasets) (2.2.3+computecanada)
Processing /cvmfs/soft.computecanada.ca/custom/python/wheelhouse/generic/xxhash-3.5.0+computecanada-cp310-cp310-linux_x86_64.whl (from datasets)
Processing /cvmfs/soft.computecanada.ca/custom/python/wheelhouse/generic/multiprocess-0.70.16+computecanada-py3-none-any.whl (from datasets)
Processing /cvmfs/soft.computecanada.ca/custom/python/wheelhouse/generic/fsspec-2024.12.0+computecanada-py3-none-any.whl (from torch)
Processing /cvmfs/soft.computecanada.ca/custom/python/wheelhouse/gentoo2023/x86-64-v3/aiohttp-3.10.9+computecanada-cp310-cp310-linux_x86_64.whl (from datasets)
Requirement already satisfied: psutil in /cvmfs/soft.computecanada.ca/easybuild/software/2023/x86-64-v3/Compiler/gcccore/ipykernel/2025a/lib/python3.10/site-packages (from accelerate) (6.1.1+computecanada)
Processing /cvmfs/soft.computecanada.ca/custom/python/wheelhouse/generic/absl_py-2.2.2+computecanada-py3-none-any.whl (from tensorboard)
Processing /cvmfs/soft.computecanada.ca/custom/python/wheelhouse/generic/grpcio-1.67.0+computecanada-cp310-cp310-linux_x86_64.whl (from tensorboard)
Processing /cvmfs/soft.computecanada.ca/custom/python/wheelhouse/generic/Markdown-3.7+computecanada-py3-none-any.whl (from tensorboard)
Requirement already satisfied: setuptools>=41.0.0 in /localscratch/zha12672.42123298.0/venv/lib/python3.10/site-packages (from tensorboard) (75.8.2)
Requirement already satisfied: six>1.9 in /cvmfs/soft.computecanada.ca/easybuild/software/2023/x86-64-v3/Compiler/gcccore/scipy-stack/2025a/lib/python3.10/site-packages (from tensorboard) (1.17.0+computecanada)
Processing /cvmfs/soft.computecanada.ca/custom/python/wheelhouse/generic/tensorboard_data_server-0.7.2+computecanada-py3-none-linux_x86_64.whl (from tensorboard)
Processing /cvmfs/soft.computecanada.ca/custom/python/wheelhouse/generic/werkzeug-3.1.3+computecanada-py3-none-any.whl (from tensorboard)
Processing /cvmfs/soft.computecanada.ca/custom/python/wheelhouse/generic/aiohappyeyeballs-2.6.1+computecanada-py3-none-any.whl (from aiohttp->datasets)
Processing /cvmfs/soft.computecanada.ca/custom/python/wheelhouse/generic/aiosignal-1.3.2+computecanada-py2.py3-none-any.whl (from aiohttp->datasets)
Processing /cvmfs/soft.computecanada.ca/custom/python/wheelhouse/generic/attrs-25.3.0+computecanada-py3-none-any.whl (from aiohttp->datasets)
Processing /cvmfs/soft.computecanada.ca/custom/python/wheelhouse/generic/frozenlist-1.5.0+computecanada-cp310-cp310-linux_x86_64.whl (from aiohttp->datasets)
Processing /cvmfs/soft.computecanada.ca/custom/python/wheelhouse/generic/multidict-6.1.0+computecanada-cp310-cp310-linux_x86_64.whl (from aiohttp->datasets)
Processing /cvmfs/soft.computecanada.ca/custom/python/wheelhouse/gentoo2023/x86-64-v3/yarl-1.18.3+computecanada-cp310-cp310-linux_x86_64.whl (from aiohttp->datasets)
Processing /cvmfs/soft.computecanada.ca/custom/python/wheelhouse/generic/async_timeout-4.0.3+computecanada-py3-none-any.whl (from aiohttp->datasets)
Processing /cvmfs/soft.computecanada.ca/custom/python/wheelhouse/generic/charset_normalizer-3.4.1+computecanada-cp310-cp310-linux_x86_64.whl (from requests->transformers)
Processing /cvmfs/soft.computecanada.ca/custom/python/wheelhouse/generic/idna-3.10+computecanada-py3-none-any.whl (from requests->transformers)
Processing /cvmfs/soft.computecanada.ca/custom/python/wheelhouse/generic/urllib3-2.3.0+computecanada-py3-none-any.whl (from requests->transformers)
Processing /cvmfs/soft.computecanada.ca/custom/python/wheelhouse/generic/certifi-2025.1.31+computecanada-py3-none-any.whl (from requests->transformers)
Processing /cvmfs/soft.computecanada.ca/custom/python/wheelhouse/generic/MarkupSafe-2.1.5+computecanada-cp310-cp310-linux_x86_64.whl (from werkzeug>=1.0.1->tensorboard)
Requirement already satisfied: python-dateutil>=2.8.2 in /cvmfs/soft.computecanada.ca/easybuild/software/2023/x86-64-v3/Compiler/gcccore/scipy-stack/2025a/lib/python3.10/site-packages (from pandas->datasets) (2.9.0.post0+computecanada)
Requirement already satisfied: pytz>=2020.1 in /cvmfs/soft.computecanada.ca/easybuild/software/2023/x86-64-v3/Compiler/gcccore/scipy-stack/2025a/lib/python3.10/site-packages (from pandas->datasets) (2025.1+computecanada)
Requirement already satisfied: tzdata>=2022.7 in /cvmfs/soft.computecanada.ca/easybuild/software/2023/x86-64-v3/Compiler/gcccore/scipy-stack/2025a/lib/python3.10/site-packages (from pandas->datasets) (2025.1+computecanada)
Processing /cvmfs/soft.computecanada.ca/custom/python/wheelhouse/generic/propcache-0.2.1+computecanada-cp310-cp310-linux_x86_64.whl (from yarl<2.0,>=1.12.0->aiohttp->datasets)
Installing collected packages: sentencepiece, zstandard, xxhash, urllib3, tqdm, tensorboard-data-server, sympy, safetensors, regex, pyyaml, protobuf, propcache, networkx, multidict, MarkupSafe, markdown, idna, grpcio, fsspec, frozenlist, filelock, dill, charset-normalizer, certifi, attrs, async-timeout, aiohappyeyeballs, absl-py, yarl, werkzeug, requests, multiprocess, jinja2, aiosignal, torch, tensorboard, huggingface-hub, aiohttp, tokenizers, accelerate, transformers, datasets
  Attempting uninstall: sympy
    Found existing installation: sympy 1.13.3+computecanada
    Not uninstalling sympy at /cvmfs/soft.computecanada.ca/easybuild/software/2023/x86-64-v3/Compiler/gcccore/scipy-stack/2025a/lib/python3.10/site-packages, outside environment /localscratch/zha12672.42123298.0/venv
    Can't uninstall 'sympy'. No files were found to uninstall.
Successfully installed MarkupSafe-2.1.5+computecanada absl-py-2.2.2+computecanada accelerate-1.5.2+computecanada aiohappyeyeballs-2.6.1+computecanada aiohttp-3.10.9+computecanada aiosignal-1.3.2+computecanada async-timeout-4.0.3+computecanada attrs-25.3.0+computecanada certifi-2025.1.31+computecanada charset-normalizer-3.4.1+computecanada datasets-3.4.1+computecanada dill-0.3.8+computecanada filelock-3.18.0+computecanada frozenlist-1.5.0+computecanada fsspec-2024.12.0+computecanada grpcio-1.67.0+computecanada huggingface-hub-0.29.3+computecanada idna-3.10+computecanada jinja2-3.1.6+computecanada markdown-3.7+computecanada multidict-6.1.0+computecanada multiprocess-0.70.16+computecanada networkx-3.4.2+computecanada propcache-0.2.1+computecanada protobuf-5.29.3+computecanada pyyaml-6.0.2+computecanada regex-2024.9.11+computecanada requests-2.32.3+computecanada safetensors-0.4.5+computecanada sentencepiece-0.2.0+computecanada sympy-1.13.1+computecanada tensorboard-2.19.0+computecanada tensorboard-data-server-0.7.2+computecanada tokenizers-0.21.0+computecanada torch-2.6.0+computecanada tqdm-4.67.1+computecanada transformers-4.50.0+computecanada urllib3-2.3.0+computecanada werkzeug-3.1.3+computecanada xxhash-3.5.0+computecanada yarl-1.18.3+computecanada zstandard-0.22.0+computecanada
/localscratch/zha12672.42123298.0/venv/lib/python3.10/site-packages/transformers/generation/configuration_utils.py:817: UserWarning: `return_dict_in_generate` is NOT set to `True`, but `output_hidden_states` is. When `return_dict_in_generate` is not `True`, `output_hidden_states` is ignored.
  warnings.warn(
Loading checkpoint shards:   0%|          | 0/2 [00:00<?, ?it/s]Loading checkpoint shards:  50%|█████     | 1/2 [00:22<00:22, 22.95s/it]Loading checkpoint shards: 100%|██████████| 2/2 [00:44<00:00, 22.03s/it]Loading checkpoint shards: 100%|██████████| 2/2 [00:44<00:00, 22.19s/it]
Detected kernel version 4.18.0, which is below the recommended minimum of 5.5.0; this can cause the process to hang. It is recommended to upgrade the kernel to the minimum version or higher.
Starting training...
  0%|          | 0/285 [00:00<?, ?it/s]